<?xml version="1.0" encoding="UTF-8"?>
<!-- Generated by org.testng.reporters.JUnitReportReporter -->
<testsuite hostname="DESKTOP-VE1IHPM" failures="0" tests="1" name="HomeTour3D.HomePage.TC_01_WelcomePage" time="75.373" errors="0" timestamp="26 Feb 2023 03:43:31 GMT">
  <testcase classname="HomeTour3D.HomePage.TC_01_WelcomePage" name="HomeTore3D" time="75.373"/>
</testsuite> <!-- HomeTour3D.HomePage.TC_01_WelcomePage -->
